Build started 2015-04-09 09:03:48.
     1>Project "C:\Users\Alexandre\Documents\GitHub\Maze_pat\Maze\Maze.vcxproj" on node 2 (Build target(s)).
       Project file contains ToolsVersion="14.0". This toolset may be unknown or missing, in which case you may be able to resolve this by installing the appropriate version of MSBuild, or the build may have been forced to a particular ToolsVersion for policy reasons. Treating the project as if it had ToolsVersion="4.0". For more information, please see http://go.microsoft.com/fwlink/?LinkId=291333.
     1>InitializeBuildStatus:
         Creating "Debug\Maze.unsuccessfulbuild" because "AlwaysCreate" was specified.
       ClCompile:
         C:\Program Files (x86)\Microsoft Visual Studio 11.0\VC\bin\CL.exe /c /ZI /nologo /W3 /WX- /Od /Oy- /D WIN32 /D _DEBUG /D _CONSOLE /D _UNICODE /D UNICODE /Gm /EHsc /RTC1 /MDd /GS /fp:precise /Zc:wchar_t /Zc:forScope /Fo"Debug\\" /Fd"Debug\vc110.pdb" /Gd /TP /analyze- /errorReport:prompt Jeu.cpp main.cpp
         Jeu.cpp
         Generating Code...
         Skipping... (no relevant changes detected)
         main.cpp
       Link:
         C:\Program Files (x86)\Microsoft Visual Studio 11.0\VC\bin\link.exe /ERRORREPORT:PROMPT /OUT:"C:\Users\Alexandre\Documents\GitHub\Maze_pat\Debug\Maze.exe" /INCREMENTAL /NOLOGO kernel32.lib user32.lib gdi32.lib winspool.lib comdlg32.lib advapi32.lib shell32.lib ole32.lib oleaut32.lib uuid.lib odbc32.lib odbccp32.lib /MANIFEST /MANIFESTUAC:"level='asInvoker' uiAccess='false'" /manifest:embed /DEBUG /PDB:"C:\Users\Alexandre\Documents\GitHub\Maze_pat\Debug\Maze.pdb" /SUBSYSTEM:CONSOLE /TLBID:1 /DYNAMICBASE /NXCOMPAT /IMPLIB:"C:\Users\Alexandre\Documents\GitHub\Maze_pat\Debug\Maze.lib" /MACHINE:X86 Debug\Boost.obj
         Debug\Commande.obj
         Debug\Jeu.obj
         Debug\main.obj
         Debug\Maze.obj
         Debug\Menu.obj
         Debug\Orientation.obj
         Debug\Perso.obj
         Debug\Torche.obj
         Maze.vcxproj -> C:\Users\Alexandre\Documents\GitHub\Maze_pat\Debug\Maze.exe
       FinalizeBuildStatus:
         Deleting file "Debug\Maze.unsuccessfulbuild".
         Touching "Debug\Maze.lastbuildstate".
     1>Done Building Project "C:\Users\Alexandre\Documents\GitHub\Maze_pat\Maze\Maze.vcxproj" (Build target(s)).

Build succeeded.

Time Elapsed 00:00:00.87
